#
# There is insufficient memory for the Java Runtime Environment to continue.
# Native memory allocation (malloc) failed to allocate 4194320 bytes for Chunk::new
# Possible reasons:
#   The system is out of physical RAM or swap space
#   In 32 bit mode, the process size limit was hit
# Possible solutions:
#   Reduce memory load on the system
#   Increase physical memory or swap space
#   Check if swap backing store is full
#   Use 64 bit Java on a 64 bit OS
#   Decrease Java heap size (-Xmx/-Xms)
#   Decrease number of Java threads
#   Decrease Java thread stack sizes (-Xss)
#   Set larger code cache with -XX:ReservedCodeCacheSize=
# This output file may be truncated or incomplete.
#
#  Out of Memory Error (allocation.cpp:388), pid=3960, tid=5428
#
# JRE version: Java(TM) SE Runtime Environment (8.0-b132) (build 1.8.0-b132)
# Java VM: Java HotSpot(TM) 64-Bit Server VM (25.0-b70 mixed mode windows-amd64 compressed oops)
# Failed to write core dump. Minidumps are not enabled by default on client versions of Windows
#

---------------  T H R E A D  ---------------

Current thread (0x000000001654e000):  JavaThread "C2 CompilerThread1" daemon [_thread_in_native, id=5428, stack(0x0000000016d80000,0x0000000016e80000)]

Stack: [0x0000000016d80000,0x0000000016e80000]
Native frames: (J=compiled Java code, j=interpreted, Vv=VM code, C=native code)
V  [jvm.dll+0x308e0a]
V  [jvm.dll+0x25df11]
V  [jvm.dll+0x25eb2f]
V  [jvm.dll+0x256505]
V  [jvm.dll+0xbcff5]
V  [jvm.dll+0xbd48c]
V  [jvm.dll+0x44e068]
V  [jvm.dll+0x44ef40]
V  [jvm.dll+0x44f1fa]
V  [jvm.dll+0x4500df]
V  [jvm.dll+0x45247a]
V  [jvm.dll+0x4545c5]
V  [jvm.dll+0x454f4c]
V  [jvm.dll+0x455293]
V  [jvm.dll+0x4420e3]
V  [jvm.dll+0x44368b]
V  [jvm.dll+0x427552]
V  [jvm.dll+0x96732]
V  [jvm.dll+0x96f23]
V  [jvm.dll+0x2232e4]
V  [jvm.dll+0x27baea]
C  [msvcr100.dll+0x21d9f]
C  [msvcr100.dll+0x21e3b]
C  [kernel32.dll+0x159cd]
C  [ntdll.dll+0x2a561]


Current CompileTask:
C2:   2172 2165   !   4       com.android.dx.cf.code.Ropper::processBlock (1101 bytes)


---------------  P R O C E S S  ---------------

Java Threads: ( => current thread )
  0x000000001764d800 JavaThread "pool-2-thread-4" [_thread_blocked, id=3132, stack(0x0000000018cd0000,0x0000000018dd0000)]
  0x000000001764c800 JavaThread "pool-2-thread-3" [_thread_blocked, id=5344, stack(0x0000000018dd0000,0x0000000018ed0000)]
  0x0000000016923800 JavaThread "pool-2-thread-2" [_thread_blocked, id=3672, stack(0x0000000016e90000,0x0000000016f90000)]
  0x00000000174a6000 JavaThread "pool-3-thread-1" [_thread_blocked, id=11140, stack(0x0000000018b60000,0x0000000018c60000)]
  0x00000000174a5000 JavaThread "pool-2-thread-1" [_thread_blocked, id=5724, stack(0x0000000018a30000,0x0000000018b30000)]
  0x00000000165d0000 JavaThread "Service Thread" daemon [_thread_blocked, id=6460, stack(0x0000000016330000,0x0000000016430000)]
  0x0000000016550800 JavaThread "C1 CompilerThread2" daemon [_thread_blocked, id=8576, stack(0x0000000017000000,0x0000000017100000)]
=>0x000000001654e000 JavaThread "C2 CompilerThread1" daemon [_thread_in_native, id=5428, stack(0x0000000016d80000,0x0000000016e80000)]
  0x000000001653c000 JavaThread "C2 CompilerThread0" daemon [_thread_blocked, id=4384, stack(0x00000000160c0000,0x00000000161c0000)]
  0x000000001653b000 JavaThread "Attach Listener" daemon [_thread_blocked, id=12240, stack(0x0000000016c10000,0x0000000016d10000)]
  0x000000001653a800 JavaThread "Signal Dispatcher" daemon [_thread_blocked, id=6068, stack(0x00000000169f0000,0x0000000016af0000)]
  0x0000000014ea7800 JavaThread "Finalizer" daemon [_thread_blocked, id=8308, stack(0x0000000016430000,0x0000000016530000)]
  0x0000000014e9c800 JavaThread "Reference Handler" daemon [_thread_blocked, id=9380, stack(0x0000000016220000,0x0000000016320000)]
  0x00000000005de800 JavaThread "main" [_thread_blocked, id=12012, stack(0x00000000025d0000,0x00000000026d0000)]

Other Threads:
  0x0000000014e99000 VMThread [stack: 0x0000000015f80000,0x0000000016080000] [id=9744]
  0x00000000165dd800 WatcherThread [stack: 0x0000000016b10000,0x0000000016c10000] [id=11468]

VM state:at safepoint (normal execution)

VM Mutex/Monitor currently owned by a thread:  ([mutex/lock_event])
[0x00000000005dc350] Threads_lock - owner thread: 0x0000000014e99000
[0x00000000005dc850] Heap_lock - owner thread: 0x000000001764d800

Heap:
 PSYoungGen      total 73216K, used 71642K [0x00000000eab00000, 0x00000000efd00000, 0x0000000100000000)
  eden space 62976K, 100% used [0x00000000eab00000,0x00000000ee880000,0x00000000ee880000)
  from space 10240K, 84% used [0x00000000ee880000,0x00000000ef0f6a18,0x00000000ef280000)
  to   space 9728K, 49% used [0x00000000ef280000,0x00000000ef747a38,0x00000000efc00000)
 ParOldGen       total 129536K, used 57251K [0x00000000c0000000, 0x00000000c7e80000, 0x00000000eab00000)
  object space 129536K, 44% used [0x00000000c0000000,0x00000000c37e8c18,0x00000000c7e80000)
 Metaspace       used 6236K, capacity 7128K, committed 7424K, reserved 1056768K
  class space    used 618K, capacity 656K, committed 768K, reserved 1048576K

Card table byte_map: [0x0000000011a90000,0x0000000011ca0000] byte_map_base: 0x0000000011490000

Marking Bits: (ParMarkBitMap*) 0x0000000051b913b0
 Begin Bits: [0x0000000012310000, 0x0000000013310000)
 End Bits:   [0x0000000013310000, 0x0000000014310000)

Polling page: 0x0000000000430000

CodeCache: size=245760Kb used=8217Kb max_used=8217Kb free=237542Kb
 bounds [0x00000000026d0000, 0x0000000002ee0000, 0x00000000116d0000]
 total_blobs=2393 nmethods=2126 adapters=180
 compilation: enabled

Compilation events (10 events):
Event: 2.132 Thread 0x0000000016550800 2190       2       com.android.dx.rop.type.Type::isCategory1 (36 bytes)
Event: 2.132 Thread 0x0000000016550800 nmethod 2190 0x0000000002ecf750 code [0x0000000002ecf8a0, 0x0000000002ecfa10]
Event: 2.133 Thread 0x0000000016550800 2191       1       com.android.dx.cf.code.Simulator$SimVisitor::getPreviousOffset (5 bytes)
Event: 2.133 Thread 0x0000000016550800 nmethod 2191 0x0000000002ed1ad0 code [0x0000000002ed1c20, 0x0000000002ed1d30]
Event: 2.133 Thread 0x0000000016550800 2192       2       com.android.dx.rop.code.Rops::opPutStatic (97 bytes)
Event: 2.133 Thread 0x0000000016550800 nmethod 2192 0x0000000002edca50 code [0x0000000002edcc20, 0x0000000002edd158]
Event: 2.134 Thread 0x0000000016550800 2193       2       com.android.dx.rop.code.FillArrayDataInsn::<init> (39 bytes)
Event: 2.135 Thread 0x0000000016550800 nmethod 2193 0x0000000002ed0690 code [0x0000000002ed0800, 0x0000000002ed0a78]
Event: 2.135 Thread 0x0000000016550800 2194       2       com.android.dx.rop.code.FillArrayDataInsn::accept (8 bytes)
Event: 2.135 Thread 0x0000000016550800 nmethod 2194 0x0000000002edd410 code [0x0000000002edd580, 0x0000000002edd708]

GC Heap History (10 events):
Event: 1.262 GC heap before
{Heap before GC invocations=23 (full 0):
 PSYoungGen      total 50688K, used 49909K [0x00000000eab00000, 0x00000000ee500000, 0x0000000100000000)
  eden space 45056K, 100% used [0x00000000eab00000,0x00000000ed700000,0x00000000ed700000)
  from space 5632K, 86% used [0x00000000edd80000,0x00000000ee23d5c0,0x00000000ee300000)
  to   space 6656K, 0% used [0x00000000ed700000,0x00000000ed700000,0x00000000edd80000)
 ParOldGen       total 129536K, used 13361K [0x00000000c0000000, 0x00000000c7e80000, 0x00000000eab00000)
  object space 129536K, 10% used [0x00000000c0000000,0x00000000c0d0c418,0x00000000c7e80000)
 Metaspace       used 6045K, capacity 6960K, committed 7040K, reserved 1056768K
  class space    used 597K, capacity 616K, committed 640K, reserved 1048576K
Event: 1.286 GC heap after
Heap after GC invocations=23 (full 0):
 PSYoungGen      total 51712K, used 6629K [0x00000000eab00000, 0x00000000efc00000, 0x0000000100000000)
  eden space 45056K, 0% used [0x00000000eab00000,0x00000000eab00000,0x00000000ed700000)
  from space 6656K, 99% used [0x00000000ed700000,0x00000000edd79578,0x00000000edd80000)
  to   space 9728K, 0% used [0x00000000ef280000,0x00000000ef280000,0x00000000efc00000)
 ParOldGen       total 129536K, used 18993K [0x00000000c0000000, 0x00000000c7e80000, 0x00000000eab00000)
  object space 129536K, 14% used [0x00000000c0000000,0x00000000c128c730,0x00000000c7e80000)
 Metaspace       used 6045K, capacity 6960K, committed 7040K, reserved 1056768K
  class space    used 597K, capacity 616K, committed 640K, reserved 1048576K
}
Event: 1.373 GC heap before
{Heap before GC invocations=24 (full 0):
 PSYoungGen      total 51712K, used 51685K [0x00000000eab00000, 0x00000000efc00000, 0x0000000100000000)
  eden space 45056K, 100% used [0x00000000eab00000,0x00000000ed700000,0x00000000ed700000)
  from space 6656K, 99% used [0x00000000ed700000,0x00000000edd79578,0x00000000edd80000)
  to   space 9728K, 0% used [0x00000000ef280000,0x00000000ef280000,0x00000000efc00000)
 ParOldGen       total 129536K, used 18993K [0x00000000c0000000, 0x00000000c7e80000, 0x00000000eab00000)
  object space 129536K, 14% used [0x00000000c0000000,0x00000000c128c730,0x00000000c7e80000)
 Metaspace       used 6059K, capacity 7024K, committed 7296K, reserved 1056768K
  class space    used 597K, capacity 616K, committed 640K, reserved 1048576K
Event: 1.399 GC heap after
Heap after GC invocations=24 (full 0):
 PSYoungGen      total 72704K, used 6097K [0x00000000eab00000, 0x00000000efd00000, 0x0000000100000000)
  eden space 62976K, 0% used [0x00000000eab00000,0x00000000eab00000,0x00000000ee880000)
  from space 9728K, 62% used [0x00000000ef280000,0x00000000ef874710,0x00000000efc00000)
  to   space 10240K, 0% used [0x00000000ee880000,0x00000000ee880000,0x00000000ef280000)
 ParOldGen       total 129536K, used 25268K [0x00000000c0000000, 0x00000000c7e80000, 0x00000000eab00000)
  object space 129536K, 19% used [0x00000000c0000000,0x00000000c18ad3b0,0x00000000c7e80000)
 Metaspace       used 6059K, capacity 7024K, committed 7296K, reserved 1056768K
  class space    used 597K, capacity 616K, committed 640K, reserved 1048576K
}
Event: 1.576 GC heap before
{Heap before GC invocations=25 (full 0):
 PSYoungGen      total 72704K, used 69073K [0x00000000eab00000, 0x00000000efd00000, 0x0000000100000000)
  eden space 62976K, 100% used [0x00000000eab00000,0x00000000ee880000,0x00000000ee880000)
  from space 9728K, 62% used [0x00000000ef280000,0x00000000ef874710,0x00000000efc00000)
  to   space 10240K, 0% used [0x00000000ee880000,0x00000000ee880000,0x00000000ef280000)
 ParOldGen       total 129536K, used 25268K [0x00000000c0000000, 0x00000000c7e80000, 0x00000000eab00000)
  object space 129536K, 19% used [0x00000000c0000000,0x00000000c18ad3b0,0x00000000c7e80000)
 Metaspace       used 6209K, capacity 7064K, committed 7424K, reserved 1056768K
  class space    used 618K, capacity 656K, committed 768K, reserved 1048576K
Event: 1.599 GC heap after
Heap after GC invocations=25 (full 0):
 PSYoungGen      total 73216K, used 10224K [0x00000000eab00000, 0x00000000efd00000, 0x0000000100000000)
  eden space 62976K, 0% used [0x00000000eab00000,0x00000000eab00000,0x00000000ee880000)
  from space 10240K, 99% used [0x00000000ee880000,0x00000000ef27c030,0x00000000ef280000)
  to   space 9728K, 0% used [0x00000000ef280000,0x00000000ef280000,0x00000000efc00000)
 ParOldGen       total 129536K, used 30862K [0x00000000c0000000, 0x00000000c7e80000, 0x00000000eab00000)
  object space 129536K, 23% used [0x00000000c0000000,0x00000000c1e23838,0x00000000c7e80000)
 Metaspace       used 6209K, capacity 7064K, committed 7424K, reserved 1056768K
  class space    used 618K, capacity 656K, committed 768K, reserved 1048576K
}
Event: 1.780 GC heap before
{Heap before GC invocations=26 (full 0):
 PSYoungGen      total 73216K, used 73200K [0x00000000eab00000, 0x00000000efd00000, 0x0000000100000000)
  eden space 62976K, 100% used [0x00000000eab00000,0x00000000ee880000,0x00000000ee880000)
  from space 10240K, 99% used [0x00000000ee880000,0x00000000ef27c030,0x00000000ef280000)
  to   space 9728K, 0% used [0x00000000ef280000,0x00000000ef280000,0x00000000efc00000)
 ParOldGen       total 129536K, used 30862K [0x00000000c0000000, 0x00000000c7e80000, 0x00000000eab00000)
  object space 129536K, 23% used [0x00000000c0000000,0x00000000c1e23838,0x00000000c7e80000)
 Metaspace       used 6223K, capacity 7064K, committed 7424K, reserved 1056768K
  class space    used 618K, capacity 656K, committed 768K, reserved 1048576K
Event: 1.809 GC heap after
Heap after GC invocations=26 (full 0):
 PSYoungGen      total 72704K, used 9721K [0x00000000eab00000, 0x00000000efd00000, 0x0000000100000000)
  eden space 62976K, 0% used [0x00000000eab00000,0x00000000eab00000,0x00000000ee880000)
  from space 9728K, 99% used [0x00000000ef280000,0x00000000efbfe428,0x00000000efc00000)
  to   space 10240K, 0% used [0x00000000ee880000,0x00000000ee880000,0x00000000ef280000)
 ParOldGen       total 129536K, used 40841K [0x00000000c0000000, 0x00000000c7e80000, 0x00000000eab00000)
  object space 129536K, 31% used [0x00000000c0000000,0x00000000c27e25a8,0x00000000c7e80000)
 Metaspace       used 6223K, capacity 7064K, committed 7424K, reserved 1056768K
  class space    used 618K, capacity 656K, committed 768K, reserved 1048576K
}
Event: 1.972 GC heap before
{Heap before GC invocations=27 (full 0):
 PSYoungGen      total 72704K, used 72697K [0x00000000eab00000, 0x00000000efd00000, 0x0000000100000000)
  eden space 62976K, 100% used [0x00000000eab00000,0x00000000ee880000,0x00000000ee880000)
  from space 9728K, 99% used [0x00000000ef280000,0x00000000efbfe428,0x00000000efc00000)
  to   space 10240K, 0% used [0x00000000ee880000,0x00000000ee880000,0x00000000ef280000)
 ParOldGen       total 129536K, used 40841K [0x00000000c0000000, 0x00000000c7e80000, 0x00000000eab00000)
  object space 129536K, 31% used [0x00000000c0000000,0x00000000c27e25a8,0x00000000c7e80000)
 Metaspace       used 6229K, capacity 7064K, committed 7424K, reserved 1056768K
  class space    used 618K, capacity 656K, committed 768K, reserved 1048576K
Event: 1.996 GC heap after
Heap after GC invocations=27 (full 0):
 PSYoungGen      total 73216K, used 8666K [0x00000000eab00000, 0x00000000efd00000, 0x0000000100000000)
  eden space 62976K, 0% used [0x00000000eab00000,0x00000000eab00000,0x00000000ee880000)
  from space 10240K, 84% used [0x00000000ee880000,0x00000000ef0f6a18,0x00000000ef280000)
  to   space 9728K, 0% used [0x00000000ef280000,0x00000000ef280000,0x00000000efc00000)
 ParOldGen       total 129536K, used 49518K [0x00000000c0000000, 0x00000000c7e80000, 0x00000000eab00000)
  object space 129536K, 38% used [0x00000000c0000000,0x00000000c305ba98,0x00000000c7e80000)
 Metaspace       used 6229K, capacity 7064K, committed 7424K, reserved 1056768K
  class space    used 618K, capacity 656K, committed 768K, reserved 1048576K
}

Deoptimization events (10 events):
Event: 1.428 Thread 0x00000000174a5000 Uncommon trap: reason=unreached action=reinterpret pc=0x0000000002d32d6c method=java.util.HashMap.getNode(ILjava/lang/Object;)Ljava/util/HashMap$Node; @ 84
Event: 1.436 Thread 0x000000001764d800 Uncommon trap: reason=unreached action=reinterpret pc=0x0000000002b779dc method=java.util.HashMap.getNode(ILjava/lang/Object;)Ljava/util/HashMap$Node; @ 84
Event: 1.650 Thread 0x0000000016923800 Uncommon trap: reason=unreached action=reinterpret pc=0x0000000002b78dcc method=com.android.dx.ssa.SsaMethod.updateOneDefinition(Lcom/android/dx/ssa/SsaInsn;Lcom/android/dx/rop/code/RegisterSpec;)V @ 4
Event: 1.651 Thread 0x00000000174a5000 Uncommon trap: reason=bimorphic action=maybe_recompile pc=0x0000000002e1ab08 method=com.android.dx.cf.code.BytecodeArray.parseInstruction(ILcom/android/dx/cf/code/BytecodeArray$Visitor;)I @ 1357
Event: 1.651 Thread 0x00000000174a5000 Uncommon trap: reason=bimorphic action=maybe_recompile pc=0x0000000002e1ab08 method=com.android.dx.cf.code.BytecodeArray.parseInstruction(ILcom/android/dx/cf/code/BytecodeArray$Visitor;)I @ 1357
Event: 1.653 Thread 0x0000000016923800 Uncommon trap: reason=bimorphic action=maybe_recompile pc=0x0000000002e739ec method=com.android.dx.cf.code.OneLocalsArray.set(ILcom/android/dx/rop/type/TypeBearer;)V @ 85
Event: 1.653 Thread 0x0000000016923800 Uncommon trap: reason=bimorphic action=maybe_recompile pc=0x0000000002e739ec method=com.android.dx.cf.code.OneLocalsArray.set(ILcom/android/dx/rop/type/TypeBearer;)V @ 85
Event: 1.653 Thread 0x0000000016923800 Uncommon trap: reason=bimorphic action=maybe_recompile pc=0x0000000002e739ec method=com.android.dx.cf.code.OneLocalsArray.set(ILcom/android/dx/rop/type/TypeBearer;)V @ 85
Event: 1.653 Thread 0x0000000016923800 Uncommon trap: reason=bimorphic action=maybe_recompile pc=0x0000000002e739ec method=com.android.dx.cf.code.OneLocalsArray.set(ILcom/android/dx/rop/type/TypeBearer;)V @ 85
Event: 1.706 Thread 0x00000000174a5000 Uncommon trap: reason=unreached action=reinterpret pc=0x0000000002b720a8 method=java.util.HashMap.getNode(ILjava/lang/Object;)Ljava/util/HashMap$Node; @ 84

Internal exceptions (10 events):
Event: 0.590 Thread 0x00000000005de800 Implicit null exception at 0x00000000029d1552 to 0x00000000029d1645
Event: 0.699 Thread 0x00000000174a5000 Exception <a 'java/security/PrivilegedActionException'> (0x00000000eb11ffa0) thrown at [D:\re\workspace\8-2-build-windows-amd64-cygwin\jdk8\2238\hotspot\src\share\vm\prims\jvm.cpp, line 1248]
Event: 0.811 Thread 0x000000001764d800 Implicit null exception at 0x0000000002a4fabe to 0x0000000002a51b99
Event: 0.845 Thread 0x00000000174a5000 Exception <a 'java/security/PrivilegedActionException'> (0x00000000eb5995d0) thrown at [D:\re\workspace\8-2-build-windows-amd64-cygwin\jdk8\2238\hotspot\src\share\vm\prims\jvm.cpp, line 1248]
Event: 1.065 Thread 0x00000000174a5000 Implicit null exception at 0x0000000002a6ac58 to 0x0000000002a6ae15
Event: 1.159 Thread 0x00000000005de800 Exception <a 'java/security/PrivilegedActionException'> (0x00000000eafd4fb0) thrown at [D:\re\workspace\8-2-build-windows-amd64-cygwin\jdk8\2238\hotspot\src\share\vm\prims\jvm.cpp, line 1248]
Event: 1.425 Thread 0x00000000174a5000 Exception <a 'java/lang/ArrayIndexOutOfBoundsException': 18> (0x00000000eb69e720) thrown at [D:\re\workspace\8-2-build-windows-amd64-cygwin\jdk8\2238\hotspot\src\share\vm\interpreter\interpreterRuntime.cpp, line 337]
Event: 1.426 Thread 0x00000000174a5000 Exception <a 'java/lang/ArrayIndexOutOfBoundsException': 145> (0x00000000eb6a01b8) thrown at [D:\re\workspace\8-2-build-windows-amd64-cygwin\jdk8\2238\hotspot\src\share\vm\interpreter\interpreterRuntime.cpp, line 337]
Event: 1.426 Thread 0x00000000174a5000 Exception <a 'java/lang/ArrayIndexOutOfBoundsException'> (0x00000000eb6a13d0) thrown at [D:\re\workspace\8-2-build-windows-amd64-cygwin\jdk8\2238\hotspot\src\share\vm\runtime\sharedRuntime.cpp, line 595]
Event: 1.649 Thread 0x0000000016923800 Exception <a 'java/security/PrivilegedActionException'> (0x00000000eb82cf00) thrown at [D:\re\workspace\8-2-build-windows-amd64-cygwin\jdk8\2238\hotspot\src\share\vm\prims\jvm.cpp, line 1248]

Events (10 events):
Event: 1.972 Executing VM operation: ParallelGCFailedAllocation
Event: 1.996 Executing VM operation: ParallelGCFailedAllocation done
Event: 2.016 Thread 0x000000001764d800 DEOPT PACKING pc=0x0000000002d150fa sp=0x0000000018dce6b0
Event: 2.016 Thread 0x000000001764d800 DEOPT UNPACKING pc=0x0000000002717604 sp=0x0000000018dce3e0 mode 0
Event: 2.032 Thread 0x000000001764d800 DEOPT PACKING pc=0x0000000002df5ac9 sp=0x0000000018dce760
Event: 2.032 Thread 0x000000001764d800 DEOPT UNPACKING pc=0x0000000002717604 sp=0x0000000018dce4a8 mode 0
Event: 2.097 Thread 0x000000001764d800 DEOPT PACKING pc=0x0000000002c96886 sp=0x0000000018dce790
Event: 2.097 Thread 0x000000001764d800 DEOPT UNPACKING pc=0x0000000002717604 sp=0x0000000018dce4e8 mode 0
Event: 2.126 Thread 0x0000000016923800 DEOPT PACKING pc=0x0000000002c138b4 sp=0x0000000016f8e9d0
Event: 2.126 Thread 0x0000000016923800 DEOPT UNPACKING pc=0x0000000002717604 sp=0x0000000016f8e6e0 mode 0


Dynamic libraries:
0x000000013f200000 - 0x000000013f234000 	C:\Program Files\Java\jdk1.8.0\bin\java.exe
0x0000000077c30000 - 0x0000000077dda000 	C:\Windows\SYSTEM32\ntdll.dll
0x0000000077a10000 - 0x0000000077b2f000 	C:\Windows\system32\kernel32.dll
0x000007fefd9b0000 - 0x000007fefda1a000 	C:\Windows\system32\KERNELBASE.dll
0x000007feffc40000 - 0x000007feffd1b000 	C:\Windows\system32\ADVAPI32.dll
0x000007fefdce0000 - 0x000007fefdd7f000 	C:\Windows\system32\msvcrt.dll
0x000007fefdf60000 - 0x000007fefdf7f000 	C:\Windows\SYSTEM32\sechost.dll
0x000007fefed70000 - 0x000007fefee9d000 	C:\Windows\system32\RPCRT4.dll
0x0000000077b30000 - 0x0000000077c2a000 	C:\Windows\system32\USER32.dll
0x000007feffd20000 - 0x000007feffd87000 	C:\Windows\system32\GDI32.dll
0x000007feffc30000 - 0x000007feffc3e000 	C:\Windows\system32\LPK.dll
0x000007fefe280000 - 0x000007fefe34b000 	C:\Windows\system32\USP10.dll
0x000007fefc8d0000 - 0x000007fefcac4000 	C:\Windows\WinSxS\amd64_microsoft.windows.common-controls_6595b64144ccf1df_6.0.7601.18837_none_fa3b1e3d17594757\COMCTL32.dll
0x000007feffdc0000 - 0x000007feffe31000 	C:\Windows\system32\SHLWAPI.dll
0x000007feffd90000 - 0x000007feffdbe000 	C:\Windows\system32\IMM32.DLL
0x000007fefe6a0000 - 0x000007fefe7a9000 	C:\Windows\system32\MSCTF.dll
0x0000000062410000 - 0x00000000624e2000 	C:\Program Files\Java\jdk1.8.0\jre\bin\msvcr100.dll
0x00000000513e0000 - 0x0000000051c0a000 	C:\Program Files\Java\jdk1.8.0\jre\bin\server\jvm.dll
0x000007fef8340000 - 0x000007fef8349000 	C:\Windows\system32\WSOCK32.dll
0x000007fefed20000 - 0x000007fefed6d000 	C:\Windows\system32\WS2_32.dll
0x000007fefe850000 - 0x000007fefe858000 	C:\Windows\system32\NSI.dll
0x000007fefb900000 - 0x000007fefb93b000 	C:\Windows\system32\WINMM.dll
0x0000000077df0000 - 0x0000000077df7000 	C:\Windows\system32\PSAPI.DLL
0x0000000064810000 - 0x000000006481f000 	C:\Program Files\Java\jdk1.8.0\jre\bin\verify.dll
0x0000000063290000 - 0x00000000632b8000 	C:\Program Files\Java\jdk1.8.0\jre\bin\java.dll
0x0000000063270000 - 0x0000000063286000 	C:\Program Files\Java\jdk1.8.0\jre\bin\zip.dll
0x000007fefeea0000 - 0x000007feffc2b000 	C:\Windows\system32\SHELL32.dll
0x000007fefe020000 - 0x000007fefe21c000 	C:\Windows\system32\ole32.dll
0x000007fefd920000 - 0x000007fefd92f000 	C:\Windows\system32\profapi.dll
0x000007fef94c0000 - 0x000007fef95e5000 	C:\Windows\system32\dbghelp.dll

VM Arguments:
jvm_args: -Djava.awt.headless=true -Xmx1024M -Dfile.encoding=GBK -Duser.country=CN -Duser.language=zh -Duser.variant 
java_command: com.android.dx.command.Main --dex --num-threads=4 --multi-dex --main-dex-list A:\project\MeetBusiness\app\build\intermediates\multi-dex\debug\maindexlist.txt --output A:\project\MeetBusiness\app\build\intermediates\transforms\dex\debug\folders\1000\1f\main A:\project\MeetBusiness\app\build\intermediates\transforms\jarMerging\debug\jars\1\1f\combined.jar
java_class_path (initial): C:\Users\Johnny\AppData\Local\Android\sdk\build-tools\25.0.0\lib\dx.jar
Launcher Type: SUN_STANDARD

Environment Variables:
JAVA_HOME=A:\developTools\jdk1.8
CLASSPATH=.;A:\developTools\jdk1.8\lib;A:\developTools\jdk1.8\lib\tools.jar
PATH=C:\ProgramData\Oracle\Java\javapath;c:\Program Files (x86)\Intel\iCLS Client\;c:\Program Files\Intel\iCLS Client\;C:\Windows\system32;C:\Windows;C:\Windows\System32\Wbem;C:\Windows\System32\WindowsPowerShell\v1.0\;C:\Program Files\Intel\Intel(R) Management Engine Components\DAL;C:\Program Files\Intel\Intel(R) Management Engine Components\IPT;C:\Program Files (x86)\Intel\Intel(R) Management Engine Components\DAL;C:\Program Files (x86)\Intel\Intel(R) Management Engine Components\IPT;C:\Program Files (x86)\NVIDIA Corporation\PhysX\Common;C:\Users\Johnny\AppData\Local\Android\sdk\platform-tools;C:\Users\Johnny\AppData\Local\Android\sdk\tools;A:\developTools\jdk1.8\bin;A:\developTools\jdk1.8\jre\bin;C:\Program Files\TortoiseGit\bin
USERNAME=Johnny
OS=Windows_NT
PROCESSOR_IDENTIFIER=Intel64 Family 6 Model 60 Stepping 3, GenuineIntel



---------------  S Y S T E M  ---------------

OS: Windows 7 , 64 bit Build 7601 Service Pack 1

CPU:total 4 (4 cores per cpu, 1 threads per core) family 6 model 60 stepping 3, cmov, cx8, fxsr, mmx, sse, sse2, sse3, ssse3, sse4.1, sse4.2, popcnt, avx, avx2, aes, clmul, erms, tsc, tscinvbit

Memory: 4k page, physical 8338380k(1038020k free), swap 8336520k(8604k free)

vm_info: Java HotSpot(TM) 64-Bit Server VM (25.0-b70) for windows-amd64 JRE (1.8.0-b132), built on Mar  4 2014 03:46:18 by "java_re" with MS VC++ 10.0 (VS2010)

time: Fri Jul 07 13:22:25 2017
elapsed time: 2 seconds

