#
# There is insufficient memory for the Java Runtime Environment to continue.
# Native memory allocation (malloc) failed to allocate 67108880 bytes for Chunk::new
# Possible reasons:
#   The system is out of physical RAM or swap space
#   In 32 bit mode, the process size limit was hit
# Possible solutions:
#   Reduce memory load on the system
#   Increase physical memory or swap space
#   Check if swap backing store is full
#   Use 64 bit Java on a 64 bit OS
#   Decrease Java heap size (-Xmx/-Xms)
#   Decrease number of Java threads
#   Decrease Java thread stack sizes (-Xss)
#   Set larger code cache with -XX:ReservedCodeCacheSize=
# This output file may be truncated or incomplete.
#
#  Out of Memory Error (allocation.cpp:388), pid=7360, tid=4748
#
# JRE version: Java(TM) SE Runtime Environment (8.0-b132) (build 1.8.0-b132)
# Java VM: Java HotSpot(TM) 64-Bit Server VM (25.0-b70 mixed mode windows-amd64 compressed oops)
# Failed to write core dump. Minidumps are not enabled by default on client versions of Windows
#

---------------  T H R E A D  ---------------

Current thread (0x00000000165dc800):  JavaThread "C2 CompilerThread0" daemon [_thread_in_native, id=4748, stack(0x0000000016cf0000,0x0000000016df0000)]

Stack: [0x0000000016cf0000,0x0000000016df0000]
Native frames: (J=compiled Java code, j=interpreted, Vv=VM code, C=native code)
V  [jvm.dll+0x308e0a]
V  [jvm.dll+0x25df11]
V  [jvm.dll+0x25eb2f]
V  [jvm.dll+0x256505]
V  [jvm.dll+0xbcff5]
V  [jvm.dll+0xbd48c]
V  [jvm.dll+0x44e068]
V  [jvm.dll+0x44ef40]
V  [jvm.dll+0x44f1fa]
V  [jvm.dll+0x4500df]
V  [jvm.dll+0x45247a]
V  [jvm.dll+0x4545c5]
V  [jvm.dll+0x454f4c]
V  [jvm.dll+0x455293]
V  [jvm.dll+0x4420e3]
V  [jvm.dll+0x44368b]
V  [jvm.dll+0x427552]
V  [jvm.dll+0x96732]
V  [jvm.dll+0x96f23]
V  [jvm.dll+0x2232e4]
V  [jvm.dll+0x27baea]
C  [msvcr100.dll+0x21d9f]
C  [msvcr100.dll+0x21e3b]
C  [kernel32.dll+0x159cd]
C  [ntdll.dll+0x2a561]


Current CompileTask:
C2:   7511 2177   !   4       com.android.dx.cf.code.Ropper::processBlock (1101 bytes)


---------------  P R O C E S S  ---------------

Java Threads: ( => current thread )
  0x00000000168ba800 JavaThread "pool-2-thread-4" [_thread_blocked, id=10904, stack(0x0000000016e30000,0x0000000016f30000)]
  0x00000000176d1000 JavaThread "pool-2-thread-3" [_thread_blocked, id=5316, stack(0x0000000019200000,0x0000000019300000)]
  0x00000000176cd800 JavaThread "pool-2-thread-2" [_thread_blocked, id=8732, stack(0x0000000019000000,0x0000000019100000)]
  0x00000000177df800 JavaThread "pool-3-thread-1" [_thread_blocked, id=7140, stack(0x0000000018e70000,0x0000000018f70000)]
  0x00000000177eb000 JavaThread "pool-2-thread-1" [_thread_blocked, id=8908, stack(0x0000000018cb0000,0x0000000018db0000)]
  0x000000001666e000 JavaThread "Service Thread" daemon [_thread_blocked, id=4260, stack(0x00000000171b0000,0x00000000172b0000)]
  0x00000000165ee800 JavaThread "C1 CompilerThread2" daemon [_thread_blocked, id=8436, stack(0x0000000016f80000,0x0000000017080000)]
  0x00000000165ec000 JavaThread "C2 CompilerThread1" daemon [_thread_blocked, id=4868, stack(0x0000000016bc0000,0x0000000016cc0000)]
=>0x00000000165dc800 JavaThread "C2 CompilerThread0" daemon [_thread_in_native, id=4748, stack(0x0000000016cf0000,0x0000000016df0000)]
  0x00000000165eb000 JavaThread "Attach Listener" daemon [_thread_blocked, id=8808, stack(0x0000000016ab0000,0x0000000016bb0000)]
  0x00000000165ea000 JavaThread "Signal Dispatcher" daemon [_thread_blocked, id=10772, stack(0x00000000160b0000,0x00000000161b0000)]
  0x00000000151f4000 JavaThread "Finalizer" daemon [_thread_blocked, id=7152, stack(0x00000000164d0000,0x00000000165d0000)]
  0x00000000151e9000 JavaThread "Reference Handler" daemon [_thread_blocked, id=11212, stack(0x0000000016310000,0x0000000016410000)]
  0x000000000259e800 JavaThread "main" [_thread_blocked, id=1696, stack(0x00000000027d0000,0x00000000028d0000)]

Other Threads:
  0x00000000151e5800 VMThread [stack: 0x00000000161f0000,0x00000000162f0000] [id=10800]
  0x0000000016681800 WatcherThread [stack: 0x0000000017370000,0x0000000017470000] [id=2524]

VM state:at safepoint (normal execution)

VM Mutex/Monitor currently owned by a thread:  ([mutex/lock_event])
[0x000000000259c350] Threads_lock - owner thread: 0x00000000151e5800
[0x000000000259c850] Heap_lock - owner thread: 0x000000000259e800

Heap:
 PSYoungGen      total 265216K, used 261455K [0x00000000eab00000, 0x00000000ff700000, 0x0000000100000000)
  eden space 232960K, 100% used [0x00000000eab00000,0x00000000f8e80000,0x00000000f8e80000)
  from space 32256K, 88% used [0x00000000fd780000,0x00000000ff353fb0,0x00000000ff700000)
  to   space 44544K, 0% used [0x00000000fa000000,0x00000000fa000000,0x00000000fcb80000)
 ParOldGen       total 158208K, used 157796K [0x00000000c0000000, 0x00000000c9a80000, 0x00000000eab00000)
  object space 158208K, 99% used [0x00000000c0000000,0x00000000c9a19268,0x00000000c9a80000)
 Metaspace       used 6279K, capacity 7128K, committed 7424K, reserved 1056768K
  class space    used 620K, capacity 656K, committed 768K, reserved 1048576K

Card table byte_map: [0x0000000011c90000,0x0000000011ea0000] byte_map_base: 0x0000000011690000

Marking Bits: (ParMarkBitMap*) 0x0000000051b913b0
 Begin Bits: [0x0000000012660000, 0x0000000013660000)
 End Bits:   [0x0000000013660000, 0x0000000014660000)

Polling page: 0x0000000000230000

CodeCache: size=245760Kb used=10649Kb max_used=10666Kb free=235110Kb
 bounds [0x00000000028d0000, 0x0000000003350000, 0x00000000118d0000]
 total_blobs=2605 nmethods=2338 adapters=180
 compilation: enabled

Compilation events (10 events):
Event: 7.169 Thread 0x00000000165ee800 2461       2       com.android.dx.ssa.SsaBasicBlock::addPhiInsnForReg (18 bytes)
Event: 7.169 Thread 0x00000000165ee800 nmethod 2461 0x00000000032f7a10 code [0x00000000032f7ba0, 0x00000000032f7ed8]
Event: 7.169 Thread 0x00000000165ee800 2462       2       com.android.dx.ssa.PhiInsn::<init> (26 bytes)
Event: 7.169 Thread 0x00000000165ee800 nmethod 2462 0x00000000032f74d0 code [0x00000000032f7640, 0x00000000032f78e8]
Event: 7.171 Thread 0x00000000165ee800 2464 %     3       com.android.dx.ssa.back.RegisterAllocator::insertMoveBefore @ 153 (240 bytes)
Event: 7.173 Thread 0x00000000165ee800 nmethod 2464% 0x0000000003321a90 code [0x0000000003321f00, 0x0000000003324ac8]
Event: 7.179 Thread 0x00000000165ee800 2465       1       com.android.dx.rop.cst.CstDouble::getType (4 bytes)
Event: 7.179 Thread 0x00000000165ee800 nmethod 2465 0x00000000029d0290 code [0x00000000029d03e0, 0x00000000029d04f0]
Event: 7.187 Thread 0x00000000165ee800 2466       2       com.android.dx.cf.code.BytecodeArray::parseTableswitch (205 bytes)
Event: 7.188 Thread 0x00000000165ee800 nmethod 2466 0x000000000331ca10 code [0x000000000331cc60, 0x000000000331d478]

GC Heap History (10 events):
Event: 3.462 GC heap before
{Heap before GC invocations=26 (full 0):
 PSYoungGen      total 180224K, used 180198K [0x00000000eab00000, 0x00000000fb480000, 0x0000000100000000)
  eden space 160768K, 100% used [0x00000000eab00000,0x00000000f4800000,0x00000000f4800000)
  from space 19456K, 99% used [0x00000000f4800000,0x00000000f5af9898,0x00000000f5b00000)
  to   space 31232K, 0% used [0x00000000f9600000,0x00000000f9600000,0x00000000fb480000)
 ParOldGen       total 129536K, used 85015K [0x00000000c0000000, 0x00000000c7e80000, 0x00000000eab00000)
  object space 129536K, 65% used [0x00000000c0000000,0x00000000c5305f38,0x00000000c7e80000)
 Metaspace       used 6240K, capacity 7064K, committed 7424K, reserved 1056768K
  class space    used 619K, capacity 656K, committed 768K, reserved 1048576K
Event: 3.518 GC heap after
Heap after GC invocations=26 (full 0):
 PSYoungGen      total 236544K, used 26315K [0x00000000eab00000, 0x00000000fbc80000, 0x0000000100000000)
  eden space 205312K, 0% used [0x00000000eab00000,0x00000000eab00000,0x00000000f7380000)
  from space 31232K, 84% used [0x00000000f9600000,0x00000000fafb2ec8,0x00000000fb480000)
  to   space 35328K, 0% used [0x00000000f7380000,0x00000000f7380000,0x00000000f9600000)
 ParOldGen       total 129536K, used 104425K [0x00000000c0000000, 0x00000000c7e80000, 0x00000000eab00000)
  object space 129536K, 80% used [0x00000000c0000000,0x00000000c65fa610,0x00000000c7e80000)
 Metaspace       used 6240K, capacity 7064K, committed 7424K, reserved 1056768K
  class space    used 619K, capacity 656K, committed 768K, reserved 1048576K
}
Event: 4.025 GC heap before
{Heap before GC invocations=27 (full 0):
 PSYoungGen      total 236544K, used 231627K [0x00000000eab00000, 0x00000000fbc80000, 0x0000000100000000)
  eden space 205312K, 100% used [0x00000000eab00000,0x00000000f7380000,0x00000000f7380000)
  from space 31232K, 84% used [0x00000000f9600000,0x00000000fafb2ec8,0x00000000fb480000)
  to   space 35328K, 0% used [0x00000000f7380000,0x00000000f7380000,0x00000000f9600000)
 ParOldGen       total 129536K, used 104425K [0x00000000c0000000, 0x00000000c7e80000, 0x00000000eab00000)
  object space 129536K, 80% used [0x00000000c0000000,0x00000000c65fa610,0x00000000c7e80000)
 Metaspace       used 6256K, capacity 7128K, committed 7424K, reserved 1056768K
  class space    used 619K, capacity 656K, committed 768K, reserved 1048576K
Event: 4.113 GC heap after
Heap after GC invocations=27 (full 0):
 PSYoungGen      total 240640K, used 32289K [0x00000000eab00000, 0x00000000fff00000, 0x0000000100000000)
  eden space 205312K, 0% used [0x00000000eab00000,0x00000000eab00000,0x00000000f7380000)
  from space 35328K, 91% used [0x00000000f7380000,0x00000000f93084f8,0x00000000f9600000)
  to   space 40448K, 0% used [0x00000000fd780000,0x00000000fd780000,0x00000000fff00000)
 ParOldGen       total 129536K, used 129330K [0x00000000c0000000, 0x00000000c7e80000, 0x00000000eab00000)
  object space 129536K, 99% used [0x00000000c0000000,0x00000000c7e4c908,0x00000000c7e80000)
 Metaspace       used 6256K, capacity 7128K, committed 7424K, reserved 1056768K
  class space    used 619K, capacity 656K, committed 768K, reserved 1048576K
}
Event: 4.113 GC heap before
{Heap before GC invocations=28 (full 1):
 PSYoungGen      total 240640K, used 32289K [0x00000000eab00000, 0x00000000fff00000, 0x0000000100000000)
  eden space 205312K, 0% used [0x00000000eab00000,0x00000000eab00000,0x00000000f7380000)
  from space 35328K, 91% used [0x00000000f7380000,0x00000000f93084f8,0x00000000f9600000)
  to   space 40448K, 0% used [0x00000000fd780000,0x00000000fd780000,0x00000000fff00000)
 ParOldGen       total 129536K, used 129330K [0x00000000c0000000, 0x00000000c7e80000, 0x00000000eab00000)
  object space 129536K, 99% used [0x00000000c0000000,0x00000000c7e4c908,0x00000000c7e80000)
 Metaspace       used 6256K, capacity 7128K, committed 7424K, reserved 1056768K
  class space    used 619K, capacity 656K, committed 768K, reserved 1048576K
Event: 4.960 GC heap after
Heap after GC invocations=28 (full 1):
 PSYoungGen      total 240640K, used 26500K [0x00000000eab00000, 0x00000000fff00000, 0x0000000100000000)
  eden space 205312K, 0% used [0x00000000eab00000,0x00000000eab00000,0x00000000f7380000)
  from space 35328K, 75% used [0x00000000f7380000,0x00000000f8d61098,0x00000000f9600000)
  to   space 40448K, 0% used [0x00000000fd780000,0x00000000fd780000,0x00000000fff00000)
 ParOldGen       total 158208K, used 129232K [0x00000000c0000000, 0x00000000c9a80000, 0x00000000eab00000)
  object space 158208K, 81% used [0x00000000c0000000,0x00000000c7e341e0,0x00000000c9a80000)
 Metaspace       used 6256K, capacity 7128K, committed 7424K, reserved 1056768K
  class space    used 619K, capacity 656K, committed 768K, reserved 1048576K
}
Event: 5.714 GC heap before
{Heap before GC invocations=29 (full 1):
 PSYoungGen      total 240640K, used 231812K [0x00000000eab00000, 0x00000000fff00000, 0x0000000100000000)
  eden space 205312K, 100% used [0x00000000eab00000,0x00000000f7380000,0x00000000f7380000)
  from space 35328K, 75% used [0x00000000f7380000,0x00000000f8d61098,0x00000000f9600000)
  to   space 40448K, 0% used [0x00000000fd780000,0x00000000fd780000,0x00000000fff00000)
 ParOldGen       total 158208K, used 129232K [0x00000000c0000000, 0x00000000c9a80000, 0x00000000eab00000)
  object space 158208K, 81% used [0x00000000c0000000,0x00000000c7e341e0,0x00000000c9a80000)
 Metaspace       used 6270K, capacity 7128K, committed 7424K, reserved 1056768K
  class space    used 620K, capacity 656K, committed 768K, reserved 1048576K
Event: 5.809 GC heap after
Heap after GC invocations=29 (full 1):
 PSYoungGen      total 265216K, used 31768K [0x00000000eab00000, 0x00000000ff700000, 0x0000000100000000)
  eden space 232960K, 0% used [0x00000000eab00000,0x00000000eab00000,0x00000000f8e80000)
  from space 32256K, 98% used [0x00000000fd780000,0x00000000ff6861c8,0x00000000ff700000)
  to   space 44544K, 0% used [0x00000000fa000000,0x00000000fa000000,0x00000000fcb80000)
 ParOldGen       total 158208K, used 155294K [0x00000000c0000000, 0x00000000c9a80000, 0x00000000eab00000)
  object space 158208K, 98% used [0x00000000c0000000,0x00000000c97a7a70,0x00000000c9a80000)
 Metaspace       used 6270K, capacity 7128K, committed 7424K, reserved 1056768K
  class space    used 620K, capacity 656K, committed 768K, reserved 1048576K
}
Event: 5.809 GC heap before
{Heap before GC invocations=30 (full 2):
 PSYoungGen      total 265216K, used 31768K [0x00000000eab00000, 0x00000000ff700000, 0x0000000100000000)
  eden space 232960K, 0% used [0x00000000eab00000,0x00000000eab00000,0x00000000f8e80000)
  from space 32256K, 98% used [0x00000000fd780000,0x00000000ff6861c8,0x00000000ff700000)
  to   space 44544K, 0% used [0x00000000fa000000,0x00000000fa000000,0x00000000fcb80000)
 ParOldGen       total 158208K, used 155294K [0x00000000c0000000, 0x00000000c9a80000, 0x00000000eab00000)
  object space 158208K, 98% used [0x00000000c0000000,0x00000000c97a7a70,0x00000000c9a80000)
 Metaspace       used 6270K, capacity 7128K, committed 7424K, reserved 1056768K
  class space    used 620K, capacity 656K, committed 768K, reserved 1048576K
Event: 6.757 GC heap after
Heap after GC invocations=30 (full 2):
 PSYoungGen      total 265216K, used 28495K [0x00000000eab00000, 0x00000000ff700000, 0x0000000100000000)
  eden space 232960K, 0% used [0x00000000eab00000,0x00000000eab00000,0x00000000f8e80000)
  from space 32256K, 88% used [0x00000000fd780000,0x00000000ff353fb0,0x00000000ff700000)
  to   space 44544K, 0% used [0x00000000fa000000,0x00000000fa000000,0x00000000fcb80000)
 ParOldGen       total 158208K, used 157796K [0x00000000c0000000, 0x00000000c9a80000, 0x00000000eab00000)
  object space 158208K, 99% used [0x00000000c0000000,0x00000000c9a19268,0x00000000c9a80000)
 Metaspace       used 6270K, capacity 7128K, committed 7424K, reserved 1056768K
  class space    used 620K, capacity 656K, committed 768K, reserved 1048576K
}

Deoptimization events (10 events):
Event: 5.073 Thread 0x00000000176d1000 Uncommon trap: reason=class_check action=maybe_recompile pc=0x0000000002a8c3a4 method=java.util.regex.Matcher.search(I)Z @ 86
Event: 5.073 Thread 0x00000000176d1000 Uncommon trap: reason=class_check action=maybe_recompile pc=0x0000000002a8c3a4 method=java.util.regex.Matcher.search(I)Z @ 86
Event: 5.073 Thread 0x00000000176d1000 Uncommon trap: reason=class_check action=maybe_recompile pc=0x0000000002a74ea4 method=java.util.regex.Matcher.search(I)Z @ 86
Event: 5.074 Thread 0x00000000177eb000 Uncommon trap: reason=class_check action=maybe_recompile pc=0x0000000002a8893c method=java.util.regex.Matcher.search(I)Z @ 86
Event: 5.414 Thread 0x00000000168ba800 Uncommon trap: reason=bimorphic action=maybe_recompile pc=0x000000000329b850 method=com.android.dx.cf.code.BytecodeArray.parseInstruction(ILcom/android/dx/cf/code/BytecodeArray$Visitor;)I @ 2281
Event: 5.414 Thread 0x00000000168ba800 Uncommon trap: reason=bimorphic action=maybe_recompile pc=0x000000000329b850 method=com.android.dx.cf.code.BytecodeArray.parseInstruction(ILcom/android/dx/cf/code/BytecodeArray$Visitor;)I @ 2281
Event: 6.789 Thread 0x000000000259e800 Uncommon trap: reason=unreached action=reinterpret pc=0x0000000002a62de0 method=java.util.zip.ZipCoder.decoder()Ljava/nio/charset/CharsetDecoder; @ 4
Event: 6.789 Thread 0x000000000259e800 Uncommon trap: reason=unreached action=reinterpret pc=0x0000000002a9c248 method=java.util.zip.ZipEntry.setExtra0([BZ)V @ 1
Event: 6.966 Thread 0x00000000168ba800 Uncommon trap: reason=bimorphic action=maybe_recompile pc=0x00000000032de424 method=com.android.dx.cf.code.BytecodeArray.parseInstruction(ILcom/android/dx/cf/code/BytecodeArray$Visitor;)I @ 1051
Event: 6.967 Thread 0x00000000168ba800 Uncommon trap: reason=bimorphic action=maybe_recompile pc=0x00000000032de424 method=com.android.dx.cf.code.BytecodeArray.parseInstruction(ILcom/android/dx/cf/code/BytecodeArray$Visitor;)I @ 1051

Internal exceptions (10 events):
Event: 1.114 Thread 0x00000000176d1000 Exception <a 'java/security/PrivilegedActionException'> (0x00000000eb268bb0) thrown at [D:\re\workspace\8-2-build-windows-amd64-cygwin\jdk8\2238\hotspot\src\share\vm\prims\jvm.cpp, line 1248]
Event: 1.258 Thread 0x00000000177eb000 Implicit null exception at 0x0000000002f10413 to 0x0000000002f105cd
Event: 1.341 Thread 0x000000000259e800 Exception <a 'java/security/PrivilegedActionException'> (0x00000000eb9241e0) thrown at [D:\re\workspace\8-2-build-windows-amd64-cygwin\jdk8\2238\hotspot\src\share\vm\prims\jvm.cpp, line 1248]
Event: 1.572 Thread 0x00000000177eb000 Exception <a 'java/lang/ArrayIndexOutOfBoundsException': 18> (0x00000000edb7ca30) thrown at [D:\re\workspace\8-2-build-windows-amd64-cygwin\jdk8\2238\hotspot\src\share\vm\interpreter\interpreterRuntime.cpp, line 337]
Event: 1.573 Thread 0x00000000177eb000 Exception <a 'java/lang/ArrayIndexOutOfBoundsException'> (0x00000000edb7e4c8) thrown at [D:\re\workspace\8-2-build-windows-amd64-cygwin\jdk8\2238\hotspot\src\share\vm\runtime\sharedRuntime.cpp, line 595]
Event: 1.573 Thread 0x00000000177eb000 Exception <a 'java/lang/ArrayIndexOutOfBoundsException'> (0x00000000edb7f6e0) thrown at [D:\re\workspace\8-2-build-windows-amd64-cygwin\jdk8\2238\hotspot\src\share\vm\runtime\sharedRuntime.cpp, line 595]
Event: 1.825 Thread 0x00000000177eb000 Exception <a 'java/security/PrivilegedActionException'> (0x00000000eb928bb0) thrown at [D:\re\workspace\8-2-build-windows-amd64-cygwin\jdk8\2238\hotspot\src\share\vm\prims\jvm.cpp, line 1248]
Event: 3.249 Thread 0x000000000259e800 Exception <a 'java/security/PrivilegedActionException'> (0x00000000f1dd0550) thrown at [D:\re\workspace\8-2-build-windows-amd64-cygwin\jdk8\2238\hotspot\src\share\vm\prims\jvm.cpp, line 1248]
Event: 6.758 Thread 0x000000000259e800 Exception <a 'java/security/PrivilegedActionException'> (0x00000000eab03080) thrown at [D:\re\workspace\8-2-build-windows-amd64-cygwin\jdk8\2238\hotspot\src\share\vm\prims\jvm.cpp, line 1248]
Event: 6.789 Thread 0x000000000259e800 Implicit null exception at 0x0000000002a6282a to 0x0000000002a62dc5

Events (10 events):
Event: 7.201 Thread 0x00000000177eb000 DEOPT PACKING pc=0x0000000002e0da49 sp=0x0000000018dae640
Event: 7.201 Thread 0x00000000177eb000 DEOPT UNPACKING pc=0x0000000002917604 sp=0x0000000018dae3d0 mode 0
Event: 7.203 Thread 0x00000000177eb000 DEOPT PACKING pc=0x0000000002ca6554 sp=0x0000000018dae5f0
Event: 7.203 Thread 0x00000000177eb000 DEOPT UNPACKING pc=0x0000000002917604 sp=0x0000000018dae308 mode 0
Event: 7.203 Thread 0x00000000177eb000 DEOPT PACKING pc=0x0000000002de5b81 sp=0x0000000018dae580
Event: 7.203 Thread 0x00000000177eb000 DEOPT UNPACKING pc=0x0000000002917604 sp=0x0000000018dae3b0 mode 0
Event: 7.214 Thread 0x00000000168ba800 DEOPT PACKING pc=0x000000000317dcbd sp=0x0000000016f2e480
Event: 7.214 Thread 0x00000000168ba800 DEOPT UNPACKING pc=0x0000000002917604 sp=0x0000000016f2e230 mode 0
Event: 7.220 Thread 0x00000000177eb000 DEOPT PACKING pc=0x0000000002de5b81 sp=0x0000000018dae580
Event: 7.220 Thread 0x00000000177eb000 DEOPT UNPACKING pc=0x0000000002917604 sp=0x0000000018dae3b0 mode 0


Dynamic libraries:
0x000000013f200000 - 0x000000013f234000 	C:\Program Files\Java\jdk1.8.0\bin\java.exe
0x0000000077c30000 - 0x0000000077dda000 	C:\Windows\SYSTEM32\ntdll.dll
0x0000000077a10000 - 0x0000000077b2f000 	C:\Windows\system32\kernel32.dll
0x000007fefd9b0000 - 0x000007fefda1a000 	C:\Windows\system32\KERNELBASE.dll
0x000007feffc40000 - 0x000007feffd1b000 	C:\Windows\system32\ADVAPI32.dll
0x000007fefdce0000 - 0x000007fefdd7f000 	C:\Windows\system32\msvcrt.dll
0x000007fefdf60000 - 0x000007fefdf7f000 	C:\Windows\SYSTEM32\sechost.dll
0x000007fefed70000 - 0x000007fefee9d000 	C:\Windows\system32\RPCRT4.dll
0x0000000077b30000 - 0x0000000077c2a000 	C:\Windows\system32\USER32.dll
0x000007feffd20000 - 0x000007feffd87000 	C:\Windows\system32\GDI32.dll
0x000007feffc30000 - 0x000007feffc3e000 	C:\Windows\system32\LPK.dll
0x000007fefe280000 - 0x000007fefe34b000 	C:\Windows\system32\USP10.dll
0x000007fefc8d0000 - 0x000007fefcac4000 	C:\Windows\WinSxS\amd64_microsoft.windows.common-controls_6595b64144ccf1df_6.0.7601.18837_none_fa3b1e3d17594757\COMCTL32.dll
0x000007feffdc0000 - 0x000007feffe31000 	C:\Windows\system32\SHLWAPI.dll
0x000007feffd90000 - 0x000007feffdbe000 	C:\Windows\system32\IMM32.DLL
0x000007fefe6a0000 - 0x000007fefe7a9000 	C:\Windows\system32\MSCTF.dll
0x0000000062410000 - 0x00000000624e2000 	C:\Program Files\Java\jdk1.8.0\jre\bin\msvcr100.dll
0x00000000513e0000 - 0x0000000051c0a000 	C:\Program Files\Java\jdk1.8.0\jre\bin\server\jvm.dll
0x000007fef8340000 - 0x000007fef8349000 	C:\Windows\system32\WSOCK32.dll
0x000007fefed20000 - 0x000007fefed6d000 	C:\Windows\system32\WS2_32.dll
0x000007fefe850000 - 0x000007fefe858000 	C:\Windows\system32\NSI.dll
0x000007fefb900000 - 0x000007fefb93b000 	C:\Windows\system32\WINMM.dll
0x0000000077df0000 - 0x0000000077df7000 	C:\Windows\system32\PSAPI.DLL
0x0000000064810000 - 0x000000006481f000 	C:\Program Files\Java\jdk1.8.0\jre\bin\verify.dll
0x0000000063290000 - 0x00000000632b8000 	C:\Program Files\Java\jdk1.8.0\jre\bin\java.dll
0x0000000063270000 - 0x0000000063286000 	C:\Program Files\Java\jdk1.8.0\jre\bin\zip.dll
0x000007fefeea0000 - 0x000007feffc2b000 	C:\Windows\system32\SHELL32.dll
0x000007fefe020000 - 0x000007fefe21c000 	C:\Windows\system32\ole32.dll
0x000007fefd920000 - 0x000007fefd92f000 	C:\Windows\system32\profapi.dll
0x000007fef94c0000 - 0x000007fef95e5000 	C:\Windows\system32\dbghelp.dll

VM Arguments:
jvm_args: -Djava.awt.headless=true -Xmx1024M -Dfile.encoding=GBK -Duser.country=CN -Duser.language=zh -Duser.variant 
java_command: com.android.dx.command.Main --dex --num-threads=4 --multi-dex --main-dex-list A:\project\MeetBusiness\app\build\intermediates\multi-dex\debug\maindexlist.txt --output A:\project\MeetBusiness\app\build\intermediates\transforms\dex\debug\folders\1000\1f\main A:\project\MeetBusiness\app\build\intermediates\transforms\jarMerging\debug\jars\1\1f\combined.jar
java_class_path (initial): C:\Users\Johnny\AppData\Local\Android\sdk\build-tools\25.0.0\lib\dx.jar
Launcher Type: SUN_STANDARD

Environment Variables:
JAVA_HOME=A:\developTools\jdk1.8
CLASSPATH=.;A:\developTools\jdk1.8\lib;A:\developTools\jdk1.8\lib\tools.jar
PATH=C:\ProgramData\Oracle\Java\javapath;c:\Program Files (x86)\Intel\iCLS Client\;c:\Program Files\Intel\iCLS Client\;C:\Windows\system32;C:\Windows;C:\Windows\System32\Wbem;C:\Windows\System32\WindowsPowerShell\v1.0\;C:\Program Files\Intel\Intel(R) Management Engine Components\DAL;C:\Program Files\Intel\Intel(R) Management Engine Components\IPT;C:\Program Files (x86)\Intel\Intel(R) Management Engine Components\DAL;C:\Program Files (x86)\Intel\Intel(R) Management Engine Components\IPT;C:\Program Files (x86)\NVIDIA Corporation\PhysX\Common;C:\Users\Johnny\AppData\Local\Android\sdk\platform-tools;C:\Users\Johnny\AppData\Local\Android\sdk\tools;A:\developTools\jdk1.8\bin;A:\developTools\jdk1.8\jre\bin;C:\Program Files\TortoiseGit\bin
USERNAME=Johnny
OS=Windows_NT
PROCESSOR_IDENTIFIER=Intel64 Family 6 Model 60 Stepping 3, GenuineIntel



---------------  S Y S T E M  ---------------

OS: Windows 7 , 64 bit Build 7601 Service Pack 1

CPU:total 4 (4 cores per cpu, 1 threads per core) family 6 model 60 stepping 3, cmov, cx8, fxsr, mmx, sse, sse2, sse3, ssse3, sse4.1, sse4.2, popcnt, avx, avx2, aes, clmul, erms, tsc, tscinvbit

Memory: 4k page, physical 8338380k(815524k free), swap 8336520k(31972k free)

vm_info: Java HotSpot(TM) 64-Bit Server VM (25.0-b70) for windows-amd64 JRE (1.8.0-b132), built on Mar  4 2014 03:46:18 by "java_re" with MS VC++ 10.0 (VS2010)

time: Fri Jul 07 11:56:45 2017
elapsed time: 7 seconds

