#
# There is insufficient memory for the Java Runtime Environment to continue.
# Native memory allocation (malloc) failed to allocate 373648 bytes for Chunk::new
# Possible reasons:
#   The system is out of physical RAM or swap space
#   In 32 bit mode, the process size limit was hit
# Possible solutions:
#   Reduce memory load on the system
#   Increase physical memory or swap space
#   Check if swap backing store is full
#   Use 64 bit Java on a 64 bit OS
#   Decrease Java heap size (-Xmx/-Xms)
#   Decrease number of Java threads
#   Decrease Java thread stack sizes (-Xss)
#   Set larger code cache with -XX:ReservedCodeCacheSize=
# This output file may be truncated or incomplete.
#
#  Out of Memory Error (allocation.cpp:388), pid=1376, tid=12148
#
# JRE version: Java(TM) SE Runtime Environment (8.0-b132) (build 1.8.0-b132)
# Java VM: Java HotSpot(TM) 64-Bit Server VM (25.0-b70 mixed mode windows-amd64 compressed oops)
# Failed to write core dump. Minidumps are not enabled by default on client versions of Windows
#

---------------  T H R E A D  ---------------

Current thread (0x000000001672e000):  JavaThread "C2 CompilerThread0" daemon [_thread_in_native, id=12148, stack(0x0000000016d60000,0x0000000016e60000)]

Stack: [0x0000000016d60000,0x0000000016e60000]
Native frames: (J=compiled Java code, j=interpreted, Vv=VM code, C=native code)
V  [jvm.dll+0x308e0a]
V  [jvm.dll+0x25df11]
V  [jvm.dll+0x25eb2f]
V  [jvm.dll+0x256505]
V  [jvm.dll+0xbcff5]
V  [jvm.dll+0xbd48c]
V  [jvm.dll+0x468c27]
V  [jvm.dll+0x4363ab]
V  [jvm.dll+0x44113e]
V  [jvm.dll+0x4436c9]
V  [jvm.dll+0x427552]
V  [jvm.dll+0x96732]
V  [jvm.dll+0x96f23]
V  [jvm.dll+0x2232e4]
V  [jvm.dll+0x27baea]
C  [msvcr100.dll+0x21d9f]
C  [msvcr100.dll+0x21e3b]
C  [kernel32.dll+0x159cd]
C  [ntdll.dll+0x2a561]


Current CompileTask:
C2:   9004 2384       4       com.android.dx.ssa.back.SsaToRop::convertBasicBlocks (151 bytes)


---------------  P R O C E S S  ---------------

Java Threads: ( => current thread )
  0x0000000016a9e000 JavaThread "pool-2-thread-4" [_thread_blocked, id=13288, stack(0x00000000191d0000,0x00000000192d0000)]
  0x000000001757c800 JavaThread "pool-2-thread-3" [_thread_blocked, id=10308, stack(0x0000000018fe0000,0x00000000190e0000)]
  0x000000001757a000 JavaThread "pool-2-thread-2" [_thread_blocked, id=5324, stack(0x0000000018c50000,0x0000000018d50000)]
  0x0000000017579800 JavaThread "pool-3-thread-1" [_thread_blocked, id=5508, stack(0x0000000018ec0000,0x0000000018fc0000)]
  0x000000001786c800 JavaThread "pool-2-thread-1" [_thread_blocked, id=11780, stack(0x0000000018d50000,0x0000000018e50000)]
  0x00000000167b7000 JavaThread "Service Thread" daemon [_thread_blocked, id=12924, stack(0x0000000017320000,0x0000000017420000)]
  0x0000000016746000 JavaThread "C1 CompilerThread2" daemon [_thread_blocked, id=9180, stack(0x0000000016200000,0x0000000016300000)]
  0x000000001673c000 JavaThread "C2 CompilerThread1" daemon [_thread_in_native, id=10368, stack(0x00000000170a0000,0x00000000171a0000)]
=>0x000000001672e000 JavaThread "C2 CompilerThread0" daemon [_thread_in_native, id=12148, stack(0x0000000016d60000,0x0000000016e60000)]
  0x000000001672d000 JavaThread "Attach Listener" daemon [_thread_blocked, id=11108, stack(0x0000000016e60000,0x0000000016f60000)]
  0x000000001673a800 JavaThread "Signal Dispatcher" daemon [_thread_blocked, id=12612, stack(0x0000000016c00000,0x0000000016d00000)]
  0x0000000015264000 JavaThread "Finalizer" daemon [_thread_blocked, id=6320, stack(0x0000000016620000,0x0000000016720000)]
  0x0000000015259000 JavaThread "Reference Handler" daemon [_thread_blocked, id=11568, stack(0x0000000016490000,0x0000000016590000)]
  0x000000000266e800 JavaThread "main" [_thread_in_native, id=11516, stack(0x0000000002860000,0x0000000002960000)]

Other Threads:
  0x0000000015255800 VMThread [stack: 0x0000000016310000,0x0000000016410000] [id=12296]
  0x00000000167d0800 WatcherThread [stack: 0x0000000017200000,0x0000000017300000] [id=9448]

VM state:not at safepoint (normal execution)

VM Mutex/Monitor currently owned by a thread: None

Heap:
 PSYoungGen      total 223744K, used 52834K [0x00000000eab00000, 0x00000000fc280000, 0x0000000100000000)
  eden space 184832K, 23% used [0x00000000eab00000,0x00000000ed59e968,0x00000000f5f80000)
  from space 38912K, 23% used [0x00000000f8e00000,0x00000000f96f9f48,0x00000000fb400000)
  to   space 47616K, 0% used [0x00000000f5f80000,0x00000000f5f80000,0x00000000f8e00000)
 ParOldGen       total 260096K, used 223640K [0x00000000c0000000, 0x00000000cfe00000, 0x00000000eab00000)
  object space 260096K, 85% used [0x00000000c0000000,0x00000000cda66398,0x00000000cfe00000)
 Metaspace       used 6296K, capacity 7128K, committed 7424K, reserved 1056768K
  class space    used 620K, capacity 656K, committed 768K, reserved 1048576K

Card table byte_map: [0x0000000011d20000,0x0000000011f30000] byte_map_base: 0x0000000011720000

Marking Bits: (ParMarkBitMap*) 0x0000000051b913b0
 Begin Bits: [0x00000000126d0000, 0x00000000136d0000)
 End Bits:   [0x00000000136d0000, 0x00000000146d0000)

Polling page: 0x0000000000230000

CodeCache: size=245760Kb used=10490Kb max_used=10490Kb free=235269Kb
 bounds [0x0000000002960000, 0x00000000033b0000, 0x0000000011960000]
 total_blobs=2656 nmethods=2389 adapters=180
 compilation: enabled

Compilation events (10 events):
Event: 8.942 Thread 0x0000000016746000 2513       2       com.android.dx.rop.cst.CstLiteral64::isCategory2 (2 bytes)
Event: 8.942 Thread 0x0000000016746000 nmethod 2513 0x0000000003361010 code [0x0000000003361160, 0x00000000033612b0]
Event: 8.942 Thread 0x0000000016746000 2515       2       com.android.dx.rop.cst.CstLiteral64::<init> (10 bytes)
Event: 8.942 Thread 0x0000000016746000 nmethod 2515 0x0000000003360cd0 code [0x0000000003360e20, 0x0000000003360f70]
Event: 8.942 Thread 0x0000000016746000 2514       2       com.android.dx.util.ByteArray::getLong (104 bytes)
Event: 8.943 Thread 0x0000000016746000 nmethod 2514 0x00000000033a3450 code [0x00000000033a35c0, 0x00000000033a3908]
Event: 8.960 Thread 0x0000000016746000 2517   !   2       com.android.dx.cf.attrib.AttExceptions::<init> (45 bytes)
Event: 8.960 Thread 0x0000000016746000 nmethod 2517 0x00000000033a2dd0 code [0x00000000033a2f60, 0x00000000033a3288]
Event: 8.964 Thread 0x0000000016746000 2518       1       com.android.dx.cf.attrib.AttSignature::byteLength (3 bytes)
Event: 8.964 Thread 0x0000000016746000 nmethod 2518 0x0000000003328690 code [0x00000000033287e0, 0x00000000033288f0]

GC Heap History (10 events):
Event: 6.259 GC heap before
{Heap before GC invocations=36 (full 2):
 PSYoungGen      total 200192K, used 185322K [0x00000000eab00000, 0x00000000fa580000, 0x0000000100000000)
  eden space 171520K, 100% used [0x00000000eab00000,0x00000000f5280000,0x00000000f5280000)
  from space 28672K, 48% used [0x00000000f5280000,0x00000000f5ffabf8,0x00000000f6e80000)
  to   space 33280K, 0% used [0x00000000f8500000,0x00000000f8500000,0x00000000fa580000)
 ParOldGen       total 180224K, used 154222K [0x00000000c0000000, 0x00000000cb000000, 0x00000000eab00000)
  object space 180224K, 85% used [0x00000000c0000000,0x00000000c969b8c8,0x00000000cb000000)
 Metaspace       used 6284K, capacity 7128K, committed 7424K, reserved 1056768K
  class space    used 620K, capacity 656K, committed 768K, reserved 1048576K
Event: 6.318 GC heap after
Heap after GC invocations=36 (full 2):
 PSYoungGen      total 215040K, used 33253K [0x00000000eab00000, 0x00000000fa880000, 0x0000000100000000)
  eden space 181760K, 0% used [0x00000000eab00000,0x00000000eab00000,0x00000000f5c80000)
  from space 33280K, 99% used [0x00000000f8500000,0x00000000fa579608,0x00000000fa580000)
  to   space 38912K, 0% used [0x00000000f5c80000,0x00000000f5c80000,0x00000000f8280000)
 ParOldGen       total 180224K, used 154629K [0x00000000c0000000, 0x00000000cb000000, 0x00000000eab00000)
  object space 180224K, 85% used [0x00000000c0000000,0x00000000c97014b8,0x00000000cb000000)
 Metaspace       used 6284K, capacity 7128K, committed 7424K, reserved 1056768K
  class space    used 620K, capacity 656K, committed 768K, reserved 1048576K
}
Event: 6.576 GC heap before
{Heap before GC invocations=37 (full 2):
 PSYoungGen      total 215040K, used 215013K [0x00000000eab00000, 0x00000000fa880000, 0x0000000100000000)
  eden space 181760K, 100% used [0x00000000eab00000,0x00000000f5c80000,0x00000000f5c80000)
  from space 33280K, 99% used [0x00000000f8500000,0x00000000fa579608,0x00000000fa580000)
  to   space 38912K, 0% used [0x00000000f5c80000,0x00000000f5c80000,0x00000000f8280000)
 ParOldGen       total 180224K, used 154629K [0x00000000c0000000, 0x00000000cb000000, 0x00000000eab00000)
  object space 180224K, 85% used [0x00000000c0000000,0x00000000c97014b8,0x00000000cb000000)
 Metaspace       used 6291K, capacity 7128K, committed 7424K, reserved 1056768K
  class space    used 620K, capacity 656K, committed 768K, reserved 1048576K
Event: 6.622 GC heap after
Heap after GC invocations=37 (full 2):
 PSYoungGen      total 220672K, used 19853K [0x00000000eab00000, 0x00000000fb400000, 0x0000000100000000)
  eden space 181760K, 0% used [0x00000000eab00000,0x00000000eab00000,0x00000000f5c80000)
  from space 38912K, 51% used [0x00000000f5c80000,0x00000000f6fe3640,0x00000000f8280000)
  to   space 38912K, 0% used [0x00000000f8e00000,0x00000000f8e00000,0x00000000fb400000)
 ParOldGen       total 188416K, used 187474K [0x00000000c0000000, 0x00000000cb800000, 0x00000000eab00000)
  object space 188416K, 99% used [0x00000000c0000000,0x00000000cb714998,0x00000000cb800000)
 Metaspace       used 6291K, capacity 7128K, committed 7424K, reserved 1056768K
  class space    used 620K, capacity 656K, committed 768K, reserved 1048576K
}
Event: 6.622 GC heap before
{Heap before GC invocations=38 (full 3):
 PSYoungGen      total 220672K, used 19853K [0x00000000eab00000, 0x00000000fb400000, 0x0000000100000000)
  eden space 181760K, 0% used [0x00000000eab00000,0x00000000eab00000,0x00000000f5c80000)
  from space 38912K, 51% used [0x00000000f5c80000,0x00000000f6fe3640,0x00000000f8280000)
  to   space 38912K, 0% used [0x00000000f8e00000,0x00000000f8e00000,0x00000000fb400000)
 ParOldGen       total 188416K, used 187474K [0x00000000c0000000, 0x00000000cb800000, 0x00000000eab00000)
  object space 188416K, 99% used [0x00000000c0000000,0x00000000cb714998,0x00000000cb800000)
 Metaspace       used 6291K, capacity 7128K, committed 7424K, reserved 1056768K
  class space    used 620K, capacity 656K, committed 768K, reserved 1048576K
Event: 7.225 GC heap after
Heap after GC invocations=38 (full 3):
 PSYoungGen      total 220672K, used 16118K [0x00000000eab00000, 0x00000000fb400000, 0x0000000100000000)
  eden space 181760K, 0% used [0x00000000eab00000,0x00000000eab00000,0x00000000f5c80000)
  from space 38912K, 41% used [0x00000000f5c80000,0x00000000f6c3d9a8,0x00000000f8280000)
  to   space 38912K, 0% used [0x00000000f8e00000,0x00000000f8e00000,0x00000000fb400000)
 ParOldGen       total 223744K, used 188247K [0x00000000c0000000, 0x00000000cda80000, 0x00000000eab00000)
  object space 223744K, 84% used [0x00000000c0000000,0x00000000cb7d5c70,0x00000000cda80000)
 Metaspace       used 6291K, capacity 7128K, committed 7424K, reserved 1056768K
  class space    used 620K, capacity 656K, committed 768K, reserved 1048576K
}
Event: 7.959 GC heap before
{Heap before GC invocations=39 (full 3):
 PSYoungGen      total 220672K, used 197878K [0x00000000eab00000, 0x00000000fb400000, 0x0000000100000000)
  eden space 181760K, 100% used [0x00000000eab00000,0x00000000f5c80000,0x00000000f5c80000)
  from space 38912K, 41% used [0x00000000f5c80000,0x00000000f6c3d9a8,0x00000000f8280000)
  to   space 38912K, 0% used [0x00000000f8e00000,0x00000000f8e00000,0x00000000fb400000)
 ParOldGen       total 223744K, used 188247K [0x00000000c0000000, 0x00000000cda80000, 0x00000000eab00000)
  object space 223744K, 84% used [0x00000000c0000000,0x00000000cb7d5c70,0x00000000cda80000)
 Metaspace       used 6295K, capacity 7128K, committed 7424K, reserved 1056768K
  class space    used 620K, capacity 656K, committed 768K, reserved 1048576K
Event: 8.028 GC heap after
Heap after GC invocations=39 (full 3):
 PSYoungGen      total 223744K, used 38904K [0x00000000eab00000, 0x00000000fc280000, 0x0000000100000000)
  eden space 184832K, 0% used [0x00000000eab00000,0x00000000eab00000,0x00000000f5f80000)
  from space 38912K, 99% used [0x00000000f8e00000,0x00000000fb3fe030,0x00000000fb400000)
  to   space 47616K, 0% used [0x00000000f5f80000,0x00000000f5f80000,0x00000000f8e00000)
 ParOldGen       total 223744K, used 194261K [0x00000000c0000000, 0x00000000cda80000, 0x00000000eab00000)
  object space 223744K, 86% used [0x00000000c0000000,0x00000000cbdb54f0,0x00000000cda80000)
 Metaspace       used 6295K, capacity 7128K, committed 7424K, reserved 1056768K
  class space    used 620K, capacity 656K, committed 768K, reserved 1048576K
}
Event: 8.028 GC heap before
{Heap before GC invocations=40 (full 4):
 PSYoungGen      total 223744K, used 38904K [0x00000000eab00000, 0x00000000fc280000, 0x0000000100000000)
  eden space 184832K, 0% used [0x00000000eab00000,0x00000000eab00000,0x00000000f5f80000)
  from space 38912K, 99% used [0x00000000f8e00000,0x00000000fb3fe030,0x00000000fb400000)
  to   space 47616K, 0% used [0x00000000f5f80000,0x00000000f5f80000,0x00000000f8e00000)
 ParOldGen       total 223744K, used 194261K [0x00000000c0000000, 0x00000000cda80000, 0x00000000eab00000)
  object space 223744K, 86% used [0x00000000c0000000,0x00000000cbdb54f0,0x00000000cda80000)
 Metaspace       used 6295K, capacity 7128K, committed 7424K, reserved 1056768K
  class space    used 620K, capacity 656K, committed 768K, reserved 1048576K
Event: 8.926 GC heap after
Heap after GC invocations=40 (full 4):
 PSYoungGen      total 223744K, used 9191K [0x00000000eab00000, 0x00000000fc280000, 0x0000000100000000)
  eden space 184832K, 0% used [0x00000000eab00000,0x00000000eab00000,0x00000000f5f80000)
  from space 38912K, 23% used [0x00000000f8e00000,0x00000000f96f9f48,0x00000000fb400000)
  to   space 47616K, 0% used [0x00000000f5f80000,0x00000000f5f80000,0x00000000f8e00000)
 ParOldGen       total 260096K, used 223640K [0x00000000c0000000, 0x00000000cfe00000, 0x00000000eab00000)
  object space 260096K, 85% used [0x00000000c0000000,0x00000000cda66398,0x00000000cfe00000)
 Metaspace       used 6295K, capacity 7128K, committed 7424K, reserved 1056768K
  class space    used 620K, capacity 656K, committed 768K, reserved 1048576K
}

Deoptimization events (10 events):
Event: 5.116 Thread 0x000000001757a000 Uncommon trap: reason=class_check action=maybe_recompile pc=0x0000000002b201cc method=java.util.regex.Matcher.search(I)Z @ 86
Event: 5.116 Thread 0x000000001757a000 Uncommon trap: reason=class_check action=maybe_recompile pc=0x0000000002b201cc method=java.util.regex.Matcher.search(I)Z @ 86
Event: 5.116 Thread 0x000000001757a000 Uncommon trap: reason=class_check action=maybe_recompile pc=0x0000000002b201cc method=java.util.regex.Matcher.search(I)Z @ 86
Event: 5.116 Thread 0x000000001757a000 Uncommon trap: reason=class_check action=maybe_recompile pc=0x0000000002b058a4 method=java.util.regex.Matcher.search(I)Z @ 86
Event: 5.116 Thread 0x0000000016a9e000 Uncommon trap: reason=class_check action=maybe_recompile pc=0x0000000002b21324 method=java.util.regex.Matcher.search(I)Z @ 86
Event: 5.130 Thread 0x000000001786c800 Uncommon trap: reason=bimorphic action=maybe_recompile pc=0x00000000032976b4 method=com.android.dx.cf.code.BytecodeArray.parseInstruction(ILcom/android/dx/cf/code/BytecodeArray$Visitor;)I @ 2281
Event: 5.130 Thread 0x000000001786c800 Uncommon trap: reason=bimorphic action=maybe_recompile pc=0x00000000032976b4 method=com.android.dx.cf.code.BytecodeArray.parseInstruction(ILcom/android/dx/cf/code/BytecodeArray$Visitor;)I @ 2281
Event: 6.224 Thread 0x000000000266e800 Uncommon trap: reason=unreached action=reinterpret pc=0x0000000002af70e0 method=java.util.zip.ZipCoder.decoder()Ljava/nio/charset/CharsetDecoder; @ 4
Event: 7.415 Thread 0x000000001786c800 Uncommon trap: reason=bimorphic action=maybe_recompile pc=0x00000000033306b0 method=com.android.dx.cf.code.BytecodeArray.parseInstruction(ILcom/android/dx/cf/code/BytecodeArray$Visitor;)I @ 1051
Event: 7.415 Thread 0x000000001786c800 Uncommon trap: reason=bimorphic action=maybe_recompile pc=0x00000000033306b0 method=com.android.dx.cf.code.BytecodeArray.parseInstruction(ILcom/android/dx/cf/code/BytecodeArray$Visitor;)I @ 1051

Internal exceptions (10 events):
Event: 1.211 Thread 0x000000001757a000 Exception <a 'java/security/PrivilegedActionException'> (0x00000000eb895118) thrown at [D:\re\workspace\8-2-build-windows-amd64-cygwin\jdk8\2238\hotspot\src\share\vm\prims\jvm.cpp, line 1248]
Event: 1.357 Thread 0x000000001757c800 Implicit null exception at 0x0000000002d9c998 to 0x0000000002d9cb55
Event: 1.450 Thread 0x000000000266e800 Exception <a 'java/security/PrivilegedActionException'> (0x00000000eb0c5c18) thrown at [D:\re\workspace\8-2-build-windows-amd64-cygwin\jdk8\2238\hotspot\src\share\vm\prims\jvm.cpp, line 1248]
Event: 1.678 Thread 0x000000001757a000 Exception <a 'java/lang/ArrayIndexOutOfBoundsException': 18> (0x00000000ed2cf588) thrown at [D:\re\workspace\8-2-build-windows-amd64-cygwin\jdk8\2238\hotspot\src\share\vm\interpreter\interpreterRuntime.cpp, line 337]
Event: 1.678 Thread 0x000000001757a000 Exception <a 'java/lang/ArrayIndexOutOfBoundsException': 145> (0x00000000ed2d1020) thrown at [D:\re\workspace\8-2-build-windows-amd64-cygwin\jdk8\2238\hotspot\src\share\vm\interpreter\interpreterRuntime.cpp, line 337]
Event: 1.678 Thread 0x000000001757a000 Exception <a 'java/lang/ArrayIndexOutOfBoundsException'> (0x00000000ed2d2238) thrown at [D:\re\workspace\8-2-build-windows-amd64-cygwin\jdk8\2238\hotspot\src\share\vm\runtime\sharedRuntime.cpp, line 595]
Event: 2.106 Thread 0x000000001757c800 Exception <a 'java/security/PrivilegedActionException'> (0x00000000eb792990) thrown at [D:\re\workspace\8-2-build-windows-amd64-cygwin\jdk8\2238\hotspot\src\share\vm\prims\jvm.cpp, line 1248]
Event: 3.442 Thread 0x000000000266e800 Exception <a 'java/security/PrivilegedActionException'> (0x00000000f1c38128) thrown at [D:\re\workspace\8-2-build-windows-amd64-cygwin\jdk8\2238\hotspot\src\share\vm\prims\jvm.cpp, line 1248]
Event: 6.223 Thread 0x000000000266e800 Exception <a 'java/security/PrivilegedActionException'> (0x00000000f111dc20) thrown at [D:\re\workspace\8-2-build-windows-amd64-cygwin\jdk8\2238\hotspot\src\share\vm\prims\jvm.cpp, line 1248]
Event: 6.224 Thread 0x000000000266e800 Implicit null exception at 0x0000000002af6b2a to 0x0000000002af70c5

Events (10 events):
Event: 7.939 Thread 0x000000001757a000 DEOPT UNPACKING pc=0x00000000029a7604 sp=0x0000000018d4e690 mode 0
Event: 7.959 Executing VM operation: ParallelGCFailedAllocation
Event: 8.926 Executing VM operation: ParallelGCFailedAllocation done
Event: 8.929 Thread 0x0000000016a9e000 DEOPT PACKING pc=0x0000000002e49505 sp=0x00000000192ce9c0
Event: 8.929 Thread 0x0000000016a9e000 DEOPT UNPACKING pc=0x00000000029a7604 sp=0x00000000192ce750 mode 0
Event: 8.936 Thread 0x0000000016746000 flushing nmethod 0x0000000002a60290
Event: 8.950 Thread 0x000000001786c800 DEOPT PACKING pc=0x0000000002e49505 sp=0x0000000018e4e7c0
Event: 8.950 Thread 0x000000001786c800 DEOPT UNPACKING pc=0x00000000029a7604 sp=0x0000000018e4e550 mode 0
Event: 8.972 Thread 0x000000001786c800 DEOPT PACKING pc=0x0000000002e49505 sp=0x0000000018e4e7c0
Event: 8.972 Thread 0x000000001786c800 DEOPT UNPACKING pc=0x00000000029a7604 sp=0x0000000018e4e550 mode 0


Dynamic libraries:
0x000000013f200000 - 0x000000013f234000 	C:\Program Files\Java\jdk1.8.0\bin\java.exe
0x0000000077c30000 - 0x0000000077dda000 	C:\Windows\SYSTEM32\ntdll.dll
0x0000000077a10000 - 0x0000000077b2f000 	C:\Windows\system32\kernel32.dll
0x000007fefd9b0000 - 0x000007fefda1a000 	C:\Windows\system32\KERNELBASE.dll
0x000007feffc40000 - 0x000007feffd1b000 	C:\Windows\system32\ADVAPI32.dll
0x000007fefdce0000 - 0x000007fefdd7f000 	C:\Windows\system32\msvcrt.dll
0x000007fefdf60000 - 0x000007fefdf7f000 	C:\Windows\SYSTEM32\sechost.dll
0x000007fefed70000 - 0x000007fefee9d000 	C:\Windows\system32\RPCRT4.dll
0x0000000077b30000 - 0x0000000077c2a000 	C:\Windows\system32\USER32.dll
0x000007feffd20000 - 0x000007feffd87000 	C:\Windows\system32\GDI32.dll
0x000007feffc30000 - 0x000007feffc3e000 	C:\Windows\system32\LPK.dll
0x000007fefe280000 - 0x000007fefe34b000 	C:\Windows\system32\USP10.dll
0x000007fefc8d0000 - 0x000007fefcac4000 	C:\Windows\WinSxS\amd64_microsoft.windows.common-controls_6595b64144ccf1df_6.0.7601.18837_none_fa3b1e3d17594757\COMCTL32.dll
0x000007feffdc0000 - 0x000007feffe31000 	C:\Windows\system32\SHLWAPI.dll
0x000007feffd90000 - 0x000007feffdbe000 	C:\Windows\system32\IMM32.DLL
0x000007fefe6a0000 - 0x000007fefe7a9000 	C:\Windows\system32\MSCTF.dll
0x0000000062410000 - 0x00000000624e2000 	C:\Program Files\Java\jdk1.8.0\jre\bin\msvcr100.dll
0x00000000513e0000 - 0x0000000051c0a000 	C:\Program Files\Java\jdk1.8.0\jre\bin\server\jvm.dll
0x000007fef8340000 - 0x000007fef8349000 	C:\Windows\system32\WSOCK32.dll
0x000007fefed20000 - 0x000007fefed6d000 	C:\Windows\system32\WS2_32.dll
0x000007fefe850000 - 0x000007fefe858000 	C:\Windows\system32\NSI.dll
0x000007fefb900000 - 0x000007fefb93b000 	C:\Windows\system32\WINMM.dll
0x0000000077df0000 - 0x0000000077df7000 	C:\Windows\system32\PSAPI.DLL
0x0000000064810000 - 0x000000006481f000 	C:\Program Files\Java\jdk1.8.0\jre\bin\verify.dll
0x0000000063290000 - 0x00000000632b8000 	C:\Program Files\Java\jdk1.8.0\jre\bin\java.dll
0x0000000063270000 - 0x0000000063286000 	C:\Program Files\Java\jdk1.8.0\jre\bin\zip.dll
0x000007fefeea0000 - 0x000007feffc2b000 	C:\Windows\system32\SHELL32.dll
0x000007fefe020000 - 0x000007fefe21c000 	C:\Windows\system32\ole32.dll
0x000007fefd920000 - 0x000007fefd92f000 	C:\Windows\system32\profapi.dll
0x000007fef94c0000 - 0x000007fef95e5000 	C:\Windows\system32\dbghelp.dll

VM Arguments:
jvm_args: -Djava.awt.headless=true -Xmx1024M -Dfile.encoding=GBK -Duser.country=CN -Duser.language=zh -Duser.variant 
java_command: com.android.dx.command.Main --dex --num-threads=4 --multi-dex --main-dex-list A:\project\MeetBusiness\app\build\intermediates\multi-dex\debug\maindexlist.txt --output A:\project\MeetBusiness\app\build\intermediates\transforms\dex\debug\folders\1000\1f\main A:\project\MeetBusiness\app\build\intermediates\transforms\jarMerging\debug\jars\1\1f\combined.jar
java_class_path (initial): C:\Users\Johnny\AppData\Local\Android\sdk\build-tools\25.0.0\lib\dx.jar
Launcher Type: SUN_STANDARD

Environment Variables:
JAVA_HOME=A:\developTools\jdk1.8
CLASSPATH=.;A:\developTools\jdk1.8\lib;A:\developTools\jdk1.8\lib\tools.jar
PATH=C:\ProgramData\Oracle\Java\javapath;c:\Program Files (x86)\Intel\iCLS Client\;c:\Program Files\Intel\iCLS Client\;C:\Windows\system32;C:\Windows;C:\Windows\System32\Wbem;C:\Windows\System32\WindowsPowerShell\v1.0\;C:\Program Files\Intel\Intel(R) Management Engine Components\DAL;C:\Program Files\Intel\Intel(R) Management Engine Components\IPT;C:\Program Files (x86)\Intel\Intel(R) Management Engine Components\DAL;C:\Program Files (x86)\Intel\Intel(R) Management Engine Components\IPT;C:\Program Files (x86)\NVIDIA Corporation\PhysX\Common;C:\Users\Johnny\AppData\Local\Android\sdk\platform-tools;C:\Users\Johnny\AppData\Local\Android\sdk\tools;A:\developTools\jdk1.8\bin;A:\developTools\jdk1.8\jre\bin;C:\Program Files\TortoiseGit\bin
USERNAME=Johnny
OS=Windows_NT
PROCESSOR_IDENTIFIER=Intel64 Family 6 Model 60 Stepping 3, GenuineIntel



---------------  S Y S T E M  ---------------

OS: Windows 7 , 64 bit Build 7601 Service Pack 1

CPU:total 4 (4 cores per cpu, 1 threads per core) family 6 model 60 stepping 3, cmov, cx8, fxsr, mmx, sse, sse2, sse3, ssse3, sse4.1, sse4.2, popcnt, avx, avx2, aes, clmul, erms, tsc, tscinvbit

Memory: 4k page, physical 8338380k(795068k free), swap 8336520k(4980k free)

vm_info: Java HotSpot(TM) 64-Bit Server VM (25.0-b70) for windows-amd64 JRE (1.8.0-b132), built on Mar  4 2014 03:46:18 by "java_re" with MS VC++ 10.0 (VS2010)

time: Fri Jul 07 11:57:15 2017
elapsed time: 9 seconds

